0 info it worked if it ends with ok
1 verbose cli [ '/usr/bin/node', '/usr/bin/npm', 'publish' ]
2 info using npm@3.5.2
3 info using node@v8.10.0
4 verbose publish [ '.' ]
5 silly cache add args [ '.', null ]
6 verbose cache add spec .
7 silly cache add parsed spec Result {
7 silly cache add   raw: '.',
7 silly cache add   scope: null,
7 silly cache add   name: null,
7 silly cache add   rawSpec: '.',
7 silly cache add   spec: '/home/rremer/Projects/socket.io-compose',
7 silly cache add   type: 'directory' }
8 verbose addLocalDirectory /home/rremer/.npm/socket.io-compose/0.0.1/package.tgz not in flight; packing
9 info lifecycle socket.io-compose@0.0.1~prepublish: socket.io-compose@0.0.1
10 silly lifecycle socket.io-compose@0.0.1~prepublish: no script for prepublish, continuing
11 verbose tar pack [ '/home/rremer/.npm/socket.io-compose/0.0.1/package.tgz',
11 verbose tar pack   '/home/rremer/Projects/socket.io-compose' ]
12 verbose tarball /home/rremer/.npm/socket.io-compose/0.0.1/package.tgz
13 verbose folder /home/rremer/Projects/socket.io-compose
14 verbose addLocalTarball adding from inside cache /home/rremer/.npm/socket.io-compose/0.0.1/package.tgz
15 silly cache afterAdd socket.io-compose@0.0.1
16 verbose afterAdd /home/rremer/.npm/socket.io-compose/0.0.1/package/package.json not in flight; writing
17 verbose afterAdd /home/rremer/.npm/socket.io-compose/0.0.1/package/package.json written
18 silly publish { name: 'socket.io-compose',
18 silly publish   version: '0.0.1',
18 silly publish   description: 'compose Socket.IO middleware',
18 silly publish   main: 'compose.js',
18 silly publish   directories: { test: 'test' },
18 silly publish   scripts: { test: 'mocha' },
18 silly publish   repository:
18 silly publish    { type: 'git',
18 silly publish      url: 'git+ssh://git@github.com/Zingle/socket.io-compose.git' },
18 silly publish   author: { name: 'Richard Remer', email: 'reanjr@gmail.com' },
18 silly publish   license: 'MIT',
18 silly publish   bugs: { url: 'https://github.com/Zingle/socket.io-compose/issues' },
18 silly publish   homepage: 'https://github.com/Zingle/socket.io-compose#readme',
18 silly publish   devDependencies: { 'expect.js': '^0.3.1', mocha: '^6.1.4' },
18 silly publish   readme: '```js\nconst compose = require("socket.io-compose");\nconst awesomeMiddleware = require("awesome-middleware");\nconst amazingMiddleware = require("amazing-middleware");\nconst awesomeAmazingMiddleware = compose(awesomeMiddleware, amazingMiddleware);\n\nio.use(awesomeAmazingMiddleware);\n```\n',
18 silly publish   readmeFilename: 'README.md',
18 silly publish   gitHead: '2f0956a10e9c1041b78babaa0182febf0aff9490',
18 silly publish   _id: 'socket.io-compose@0.0.1',
18 silly publish   _shasum: '421d70d2aeab44033c7155bb39d0f704b85d2666',
18 silly publish   _from: '.' }
19 verbose getPublishConfig undefined
20 silly mapToRegistry name socket.io-compose
21 silly mapToRegistry using default registry
22 silly mapToRegistry registry https://registry.npmjs.org/
23 silly mapToRegistry uri https://registry.npmjs.org/socket.io-compose
24 verbose publish registryBase https://registry.npmjs.org/
25 silly publish uploading /home/rremer/.npm/socket.io-compose/0.0.1/package.tgz
26 verbose request uri https://registry.npmjs.org/socket.io-compose
27 verbose request sending authorization for write operation
28 info attempt registry request try #1 at 5:12:33 PM
29 verbose request using bearer token for auth
30 verbose request id 48a251412bc1bb7c
31 http request PUT https://registry.npmjs.org/socket.io-compose
32 http 403 https://registry.npmjs.org/socket.io-compose
33 verbose headers { date: 'Fri, 12 Jul 2019 00:12:33 GMT',
33 verbose headers   'content-type': 'application/json',
33 verbose headers   'transfer-encoding': 'chunked',
33 verbose headers   connection: 'keep-alive',
33 verbose headers   'set-cookie':
33 verbose headers    [ '__cfduid=d97b7dd8f33921e804202112f181d02bb1562890353; expires=Sat, 11-Jul-20 00:12:33 GMT; path=/; domain=.npmjs.org; HttpOnly' ],
33 verbose headers   'cf-ray': '4f4ece64dbb298cf-LAX',
33 verbose headers   'expect-ct': 'max-age=604800, report-uri="https://report-uri.cloudflare.com/cdn-cgi/beacon/expect-ct"',
33 verbose headers   vary: 'Accept-Encoding',
33 verbose headers   server: 'cloudflare',
33 verbose headers   'content-encoding': 'gzip' }
34 verbose request invalidating /home/rremer/.npm/registry.npmjs.org/socket.io-compose on PUT
35 error publish Failed PUT 403
36 verbose stack Error: You cannot publish over the previously published versions: 0.0.1. : socket.io-compose
36 verbose stack     at makeError (/usr/share/npm/node_modules/npm-registry-client/lib/request.js:264:12)
36 verbose stack     at CachingRegistryClient.<anonymous> (/usr/share/npm/node_modules/npm-registry-client/lib/request.js:252:14)
36 verbose stack     at /usr/share/npm/node_modules/npm-registry-client/lib/request.js:178:7
36 verbose stack     at Gunzip.onEnd (zlib.js:131:5)
36 verbose stack     at emitNone (events.js:111:20)
36 verbose stack     at Gunzip.emit (events.js:208:7)
36 verbose stack     at endReadableNT (_stream_readable.js:1064:12)
36 verbose stack     at _combinedTickCallback (internal/process/next_tick.js:138:11)
36 verbose stack     at process._tickCallback (internal/process/next_tick.js:180:9)
37 verbose statusCode 403
38 verbose pkgid socket.io-compose
39 verbose cwd /home/rremer/Projects/socket.io-compose
40 error Linux 4.15.0-51-generic
41 error argv "/usr/bin/node" "/usr/bin/npm" "publish"
42 error node v8.10.0
43 error npm  v3.5.2
44 error code E403
45 error You cannot publish over the previously published versions: 0.0.1. : socket.io-compose
46 error If you need help, you may report this error at:
46 error     <https://github.com/npm/npm/issues>
47 verbose exit [ 1, true ]
